<?xml version="1.0" encoding="UTF-8"?>
<coverage generated="1707803210399" clover="3.2.0">
  <project timestamp="1707803210399" name="All files">
    <metrics statements="5" coveredstatements="5" conditionals="2" coveredconditionals="2" methods="3" coveredmethods="3" elements="10" coveredelements="10" complexity="0" loc="5" ncloc="5" packages="1" files="1" classes="1"/>
    <file name="main.js" path="C:\Users\Mytth\Desktop\Домашка\JS 2nd module\Задания по 2му модулю\ajs-homeworks-master\ajs-homeworks-master\containers\map\src\js\main.js">
      <metrics statements="5" coveredstatements="5" conditionals="2" coveredconditionals="2" methods="3" coveredmethods="3"/>
      <line num="3" count="3" type="stmt"/>
      <line num="8" count="6" type="stmt"/>
      <line num="13" count="4" type="cond" truecount="2" falsecount="0"/>
      <line num="14" count="3" type="stmt"/>
      <line num="16" count="1" type="stmt"/>
    </file>
  </project>
</coverage>
